[07-01-2022 01:25:34] PayPal\Core\PayPalHttpConnection : INFO: POST https://api.sandbox.paypal.com/v1/oauth2/token
[07-01-2022 01:25:35] PayPal\Core\PayPalHttpConnection : INFO: Response Status 	: 200
[07-01-2022 01:25:35] PayPal\Core\PayPalHttpConnection : INFO: POST https://api.sandbox.paypal.com/v1/payments/payment
[07-01-2022 01:25:35] PayPal\Core\PayPalHttpConnection : INFO: Response Status 	: 400
[07-01-2022 01:25:35] PayPal\Core\PayPalHttpConnection : ERROR: Got Http response code 400 when accessing https://api.sandbox.paypal.com/v1/payments/payment. {"name":"VALIDATION_ERROR","message":"Invalid request - see details","debug_id":"fd630e0783bda","information_link":"https://developer.paypal.com/docs/api/payments/#errors","details":[{"field":"transactions[0].amount","location":"body","issue":"Required field missing"}]}
[07-01-2022 01:28:22] PayPal\Core\PayPalHttpConnection : INFO: POST https://api.sandbox.paypal.com/v1/payments/payment
[07-01-2022 01:28:22] PayPal\Core\PayPalHttpConnection : INFO: Response Status 	: 400
[07-01-2022 01:28:22] PayPal\Core\PayPalHttpConnection : ERROR: Got Http response code 400 when accessing https://api.sandbox.paypal.com/v1/payments/payment. {"name":"VALIDATION_ERROR","message":"Invalid request - see details","debug_id":"00e07ca7a041f","information_link":"https://developer.paypal.com/docs/api/payments/#errors","details":[{"field":"transactions[0].amount","location":"body","issue":"Required field missing"}]}
[07-01-2022 01:50:27] PayPal\Core\PayPalHttpConnection : INFO: POST https://api.sandbox.paypal.com/v1/payments/payment
[07-01-2022 01:50:27] PayPal\Core\PayPalHttpConnection : INFO: Response Status 	: 400
[07-01-2022 01:50:27] PayPal\Core\PayPalHttpConnection : ERROR: Got Http response code 400 when accessing https://api.sandbox.paypal.com/v1/payments/payment. {"name":"VALIDATION_ERROR","message":"Invalid request - see details","debug_id":"b0471533d3caf","information_link":"https://developer.paypal.com/docs/api/payments/#errors","details":[{"field":"transactions[0].amount","location":"body","issue":"Required field missing"}]}
[07-01-2022 01:52:34] PayPal\Core\PayPalHttpConnection : INFO: POST https://api.sandbox.paypal.com/v1/payments/payment
[07-01-2022 01:52:34] PayPal\Core\PayPalHttpConnection : INFO: Response Status 	: 400
[07-01-2022 01:52:34] PayPal\Core\PayPalHttpConnection : ERROR: Got Http response code 400 when accessing https://api.sandbox.paypal.com/v1/payments/payment. {"name":"VALIDATION_ERROR","message":"Invalid request - see details","debug_id":"53ebeda0d9b7b","information_link":"https://developer.paypal.com/docs/api/payments/#errors","details":[{"field":"transactions[0].amount","location":"body","issue":"Required field missing"}]}
[07-01-2022 01:53:23] PayPal\Core\PayPalHttpConnection : INFO: POST https://api.sandbox.paypal.com/v1/payments/payment
[07-01-2022 01:53:23] PayPal\Core\PayPalHttpConnection : INFO: Response Status 	: 400
[07-01-2022 01:53:23] PayPal\Core\PayPalHttpConnection : ERROR: Got Http response code 400 when accessing https://api.sandbox.paypal.com/v1/payments/payment. {"name":"VALIDATION_ERROR","message":"Invalid request - see details","debug_id":"bdd1792b3dd8c","information_link":"https://developer.paypal.com/docs/api/payments/#errors","details":[{"field":"transactions[0].amount","location":"body","issue":"Required field missing"}]}
[07-01-2022 01:54:28] PayPal\Core\PayPalHttpConnection : INFO: POST https://api.sandbox.paypal.com/v1/payments/payment
[07-01-2022 01:54:28] PayPal\Core\PayPalHttpConnection : INFO: Response Status 	: 400
[07-01-2022 01:54:28] PayPal\Core\PayPalHttpConnection : ERROR: Got Http response code 400 when accessing https://api.sandbox.paypal.com/v1/payments/payment. {"name":"VALIDATION_ERROR","message":"Invalid request - see details","debug_id":"6b33bc7a26bc5","information_link":"https://developer.paypal.com/docs/api/payments/#errors","details":[{"field":"transactions[0].amount","location":"body","issue":"Required field missing"}]}
[07-01-2022 02:05:54] PayPal\Core\PayPalHttpConnection : INFO: POST https://api.sandbox.paypal.com/v1/payments/payment
[07-01-2022 02:05:54] PayPal\Core\PayPalHttpConnection : INFO: Response Status 	: 400
[07-01-2022 02:05:54] PayPal\Core\PayPalHttpConnection : ERROR: Got Http response code 400 when accessing https://api.sandbox.paypal.com/v1/payments/payment. {"name":"VALIDATION_ERROR","message":"Invalid request - see details","debug_id":"56d8714e30efa","information_link":"https://developer.paypal.com/docs/api/payments/#errors","details":[{"field":"transactions[0].amount","location":"body","issue":"Required field missing"}]}
[07-01-2022 02:07:37] PayPal\Core\PayPalHttpConnection : INFO: POST https://api.sandbox.paypal.com/v1/payments/payment
[07-01-2022 02:07:37] PayPal\Core\PayPalHttpConnection : INFO: Response Status 	: 400
[07-01-2022 02:07:37] PayPal\Core\PayPalHttpConnection : ERROR: Got Http response code 400 when accessing https://api.sandbox.paypal.com/v1/payments/payment. {"name":"VALIDATION_ERROR","message":"Invalid request - see details","debug_id":"302c58ce7e3fd","information_link":"https://developer.paypal.com/docs/api/payments/#errors","details":[{"field":"transactions[0].amount","location":"body","issue":"Required field missing"}]}
[07-01-2022 02:12:07] PayPal\Core\PayPalHttpConnection : INFO: POST https://api.sandbox.paypal.com/v1/payments/payment
[07-01-2022 02:12:07] PayPal\Core\PayPalHttpConnection : INFO: Response Status 	: 400
[07-01-2022 02:12:07] PayPal\Core\PayPalHttpConnection : ERROR: Got Http response code 400 when accessing https://api.sandbox.paypal.com/v1/payments/payment. {"name":"VALIDATION_ERROR","message":"Invalid request - see details","debug_id":"17d1ebc997321","information_link":"https://developer.paypal.com/docs/api/payments/#errors","details":[{"field":"transactions[0].amount","location":"body","issue":"Required field missing"}]}
[07-01-2022 02:50:04] PayPal\Core\PayPalHttpConnection : INFO: POST https://api.sandbox.paypal.com/v1/payments/payment
[07-01-2022 02:50:05] PayPal\Core\PayPalHttpConnection : INFO: Response Status 	: 400
[07-01-2022 02:50:05] PayPal\Core\PayPalHttpConnection : ERROR: Got Http response code 400 when accessing https://api.sandbox.paypal.com/v1/payments/payment. {"name":"VALIDATION_ERROR","details":[{"field":"transactions[0]","issue":"Item amount must add up to specified amount subtotal (or total if amount details not specified)"}],"message":"Invalid request - see details","information_link":"https://developer.paypal.com/docs/api/payments/#errors","debug_id":"88e9aede8a8ff"}
[07-01-2022 02:51:57] PayPal\Core\PayPalHttpConnection : INFO: POST https://api.sandbox.paypal.com/v1/payments/payment
[07-01-2022 02:51:58] PayPal\Core\PayPalHttpConnection : INFO: Response Status 	: 400
[07-01-2022 02:51:58] PayPal\Core\PayPalHttpConnection : ERROR: Got Http response code 400 when accessing https://api.sandbox.paypal.com/v1/payments/payment. {"name":"VALIDATION_ERROR","details":[{"field":"transactions[0].item_list.items[0].price","issue":"Required field missing"}],"message":"Invalid request - see details","information_link":"https://developer.paypal.com/docs/api/payments/#errors","debug_id":"c56b1b1732e82"}
[07-01-2022 02:56:23] PayPal\Core\PayPalHttpConnection : INFO: POST https://api.sandbox.paypal.com/v1/payments/payment
[07-01-2022 02:56:24] PayPal\Core\PayPalHttpConnection : INFO: Response Status 	: 400
[07-01-2022 02:56:24] PayPal\Core\PayPalHttpConnection : ERROR: Got Http response code 400 when accessing https://api.sandbox.paypal.com/v1/payments/payment. {"name":"VALIDATION_ERROR","message":"Invalid request - see details","debug_id":"28ad4a5d020a6","details":[{"field":"/transactions/0/item_list/items/0/vendor_id","location":"body","issue":"MALFORMED_REQUEST_JSON"}],"links":[]}
[07-01-2022 02:58:52] PayPal\Core\PayPalHttpConnection : INFO: POST https://api.sandbox.paypal.com/v1/payments/payment
[07-01-2022 02:58:52] PayPal\Core\PayPalHttpConnection : INFO: Response Status 	: 400
[07-01-2022 02:58:52] PayPal\Core\PayPalHttpConnection : ERROR: Got Http response code 400 when accessing https://api.sandbox.paypal.com/v1/payments/payment. {"name":"VALIDATION_ERROR","message":"Invalid request - see details","debug_id":"692fe167777e","details":[{"field":"/transactions/0/item_list/items/0/vendor_id","location":"body","issue":"MALFORMED_REQUEST_JSON"}],"links":[]}
[07-01-2022 03:14:10] PayPal\Core\PayPalHttpConnection : INFO: POST https://api.paypal.com/v1/payments/payment
[07-01-2022 03:14:11] PayPal\Core\PayPalHttpConnection : INFO: Response Status 	: 401
[07-01-2022 03:14:11] PayPal\Core\PayPalHttpConnection : ERROR: Got Http response code 401 when accessing https://api.paypal.com/v1/payments/payment. {"error":"invalid_token","error_description":"The token passed in was not found in the system"}
[07-01-2022 03:15:33] PayPal\Core\PayPalHttpConnection : INFO: POST https://api.paypal.com/v1/oauth2/token
[07-01-2022 03:15:34] PayPal\Core\PayPalHttpConnection : INFO: Response Status 	: 401
[07-01-2022 03:15:34] PayPal\Core\PayPalHttpConnection : ERROR: Got Http response code 401 when accessing https://api.paypal.com/v1/oauth2/token. {"error":"invalid_client","error_description":"Client Authentication failed"}
[07-01-2022 05:50:14] PayPal\Core\PayPalHttpConnection : INFO: POST https://api.paypal.com/v1/oauth2/token
[07-01-2022 05:50:14] PayPal\Core\PayPalHttpConnection : INFO: Response Status 	: 401
[07-01-2022 05:50:14] PayPal\Core\PayPalHttpConnection : ERROR: Got Http response code 401 when accessing https://api.paypal.com/v1/oauth2/token. {"error":"invalid_client","error_description":"Client Authentication failed"}
[07-01-2022 06:34:54] PayPal\Core\PayPalHttpConnection : INFO: POST https://api.paypal.com/v1/oauth2/token
[07-01-2022 06:34:54] PayPal\Core\PayPalHttpConnection : INFO: Response Status 	: 401
[07-01-2022 06:34:54] PayPal\Core\PayPalHttpConnection : ERROR: Got Http response code 401 when accessing https://api.paypal.com/v1/oauth2/token. {"error":"invalid_client","error_description":"Client Authentication failed"}
[07-01-2022 06:45:06] PayPal\Core\PayPalHttpConnection : INFO: POST https://api.paypal.com/v1/oauth2/token
[07-01-2022 06:45:06] PayPal\Core\PayPalHttpConnection : INFO: Response Status 	: 401
[07-01-2022 06:45:06] PayPal\Core\PayPalHttpConnection : ERROR: Got Http response code 401 when accessing https://api.paypal.com/v1/oauth2/token. {"error":"invalid_client","error_description":"Client Authentication failed"}
[07-01-2022 06:49:14] PayPal\Core\PayPalHttpConnection : INFO: POST https://api.paypal.com/v1/oauth2/token
[07-01-2022 06:49:14] PayPal\Core\PayPalHttpConnection : INFO: Response Status 	: 401
[07-01-2022 06:49:14] PayPal\Core\PayPalHttpConnection : ERROR: Got Http response code 401 when accessing https://api.paypal.com/v1/oauth2/token. {"error":"invalid_client","error_description":"Client Authentication failed"}
[07-01-2022 06:49:43] PayPal\Core\PayPalHttpConnection : INFO: POST https://api.paypal.com/v1/oauth2/token
[07-01-2022 06:49:44] PayPal\Core\PayPalHttpConnection : INFO: Response Status 	: 401
[07-01-2022 06:49:44] PayPal\Core\PayPalHttpConnection : ERROR: Got Http response code 401 when accessing https://api.paypal.com/v1/oauth2/token. {"error":"invalid_client","error_description":"Client Authentication failed"}
[07-01-2022 06:55:32] PayPal\Core\PayPalHttpConnection : INFO: POST https://api.paypal.com/v1/oauth2/token
[07-01-2022 06:55:32] PayPal\Core\PayPalHttpConnection : INFO: Response Status 	: 401
[07-01-2022 06:55:32] PayPal\Core\PayPalHttpConnection : ERROR: Got Http response code 401 when accessing https://api.paypal.com/v1/oauth2/token. {"error":"invalid_client","error_description":"Client Authentication failed"}
[07-01-2022 06:56:55] PayPal\Core\PayPalHttpConnection : INFO: POST https://api.paypal.com/v1/oauth2/token
[07-01-2022 06:56:56] PayPal\Core\PayPalHttpConnection : INFO: Response Status 	: 401
[07-01-2022 06:56:56] PayPal\Core\PayPalHttpConnection : ERROR: Got Http response code 401 when accessing https://api.paypal.com/v1/oauth2/token. {"error":"invalid_client","error_description":"Client Authentication failed"}
[07-01-2022 07:09:09] PayPal\Core\PayPalHttpConnection : INFO: POST https://api.paypal.com/v1/oauth2/token
[07-01-2022 07:09:09] PayPal\Core\PayPalHttpConnection : INFO: Response Status 	: 401
[07-01-2022 07:09:09] PayPal\Core\PayPalHttpConnection : ERROR: Got Http response code 401 when accessing https://api.paypal.com/v1/oauth2/token. {"error":"invalid_client","error_description":"Client Authentication failed"}
[07-01-2022 07:21:16] PayPal\Core\PayPalHttpConnection : INFO: POST https://api.paypal.com/v1/oauth2/token
[07-01-2022 07:21:16] PayPal\Core\PayPalHttpConnection : INFO: Response Status 	: 401
[07-01-2022 07:21:16] PayPal\Core\PayPalHttpConnection : ERROR: Got Http response code 401 when accessing https://api.paypal.com/v1/oauth2/token. {"error":"invalid_client","error_description":"Client Authentication failed"}
[07-01-2022 07:26:08] PayPal\Core\PayPalHttpConnection : INFO: POST https://api.paypal.com/v1/oauth2/token
[07-01-2022 07:26:08] PayPal\Core\PayPalHttpConnection : INFO: Response Status 	: 401
[07-01-2022 07:26:08] PayPal\Core\PayPalHttpConnection : ERROR: Got Http response code 401 when accessing https://api.paypal.com/v1/oauth2/token. {"error":"invalid_client","error_description":"Client Authentication failed"}
[07-01-2022 07:26:19] PayPal\Core\PayPalHttpConnection : INFO: POST https://api.paypal.com/v1/oauth2/token
[07-01-2022 07:26:20] PayPal\Core\PayPalHttpConnection : INFO: Response Status 	: 401
[07-01-2022 07:26:20] PayPal\Core\PayPalHttpConnection : ERROR: Got Http response code 401 when accessing https://api.paypal.com/v1/oauth2/token. {"error":"invalid_client","error_description":"Client Authentication failed"}
